<?xml version="1.0" encoding="UTF-8"?>
<!-- Generated by org.testng.reporters.JUnitReportReporter -->
<testsuite hostname="DESKTOP-BDTSKJB" failures="0" tests="1" name="testNgMethods.Grouping" time="0.009" errors="0" timestamp="2021-01-24T13:08:28 NZDT" skipped="0">
  <testcase classname="testNgMethods.Grouping" name="search" time="0.009"/>
  <system-out/>
</testsuite> <!-- testNgMethods.Grouping -->
