<?xml version="1.0" encoding="UTF-8"?>
<!-- Generated by org.testng.reporters.JUnitReportReporter -->
<testsuite hostname="DESKTOP-BDTSKJB" failures="0" tests="4" name="testNgMethods.ParameterTestLevel" time="22.432" errors="0" timestamp="2021-01-24T13:50:11 NZDT" skipped="0">
  <testcase classname="testNgMethods.ParameterTestLevel" name="setUp" time="12.725"/>
  <system-out/>
  <testcase classname="testNgMethods.ParameterTestLevel" name="verifyLogin" time="5.783"/>
  <system-out/>
  <testcase classname="testNgMethods.ParameterTestLevel" name="verifyLogout" time="2.905"/>
  <system-out/>
  <testcase classname="testNgMethods.ParameterTestLevel" name="tearDown" time="1.019"/>
  <system-out/>
</testsuite> <!-- testNgMethods.ParameterTestLevel -->
