<?xml version="1.0" encoding="UTF-8"?>
<!-- Generated by org.testng.reporters.JUnitReportReporter -->
<testsuite hostname="DESKTOP-BDTSKJB" failures="0" tests="4" name="testNgMethods.TestAttributes" time="24.210" errors="0" timestamp="2021-01-24T12:52:34 NZDT" skipped="0">
  <testcase classname="testNgMethods.TestAttributes" name="setUp" time="13.076"/>
  <system-out/>
  <testcase classname="testNgMethods.TestAttributes" name="verifyLogin" time="6.129"/>
  <system-out/>
  <testcase classname="testNgMethods.TestAttributes" name="verifyLogout" time="3.884"/>
  <system-out/>
  <testcase classname="testNgMethods.TestAttributes" name="tearDown" time="1.121"/>
  <system-out/>
</testsuite> <!-- testNgMethods.TestAttributes -->
