<?xml version="1.0" encoding="UTF-8"?>
<!-- Generated by org.testng.reporters.JUnitReportReporter -->
<testsuite hostname="DESKTOP-BDTSKJB" failures="0" tests="3" name="testNgMethods.ParameterSuiteLevel" time="0.014" errors="0" timestamp="2021-01-24T13:57:22 NZDT" skipped="0">
  <testcase classname="testNgMethods.ParameterSuiteLevel" name="prameterTestTwo" time="0.001"/>
  <system-out/>
  <testcase classname="testNgMethods.ParameterSuiteLevel" name="prameterTestThree" time="0.003"/>
  <system-out/>
  <testcase classname="testNgMethods.ParameterSuiteLevel" name="prameterTestOne" time="0.010"/>
  <system-out/>
</testsuite> <!-- testNgMethods.ParameterSuiteLevel -->
