<?xml version="1.0" encoding="UTF-8"?>
<!-- Generated by org.testng.reporters.JUnitReportReporter -->
<testsuite hostname="DESKTOP-BDTSKJB" failures="0" tests="4" name="testNgMethods.ParameterOptionalTest" time="25.224" errors="0" timestamp="2021-01-24T13:45:12 NZDT" skipped="0">
  <testcase classname="testNgMethods.ParameterOptionalTest" name="setUp" time="14.835"/>
  <system-out/>
  <testcase classname="testNgMethods.ParameterOptionalTest" name="verifyLogin" time="5.573"/>
  <system-out/>
  <testcase classname="testNgMethods.ParameterOptionalTest" name="verifyLogout" time="3.984"/>
  <system-out/>
  <testcase classname="testNgMethods.ParameterOptionalTest" name="tearDown" time="0.832"/>
  <system-out/>
</testsuite> <!-- testNgMethods.ParameterOptionalTest -->
